   3.4e-197  633.3 177.5      2e-20   67.1   6.0   13.7 12  sp|Q868Z9|PPN_DROME        Papilin OS=Drosophila melanogaster
   1.6e-182  586.3 139.1    1.3e-20   67.8   4.9   13.0 11  sp|O76840|PPN1_CAEEL       Papilin OS=Caenorhabditis elegans 
    1.2e-96  311.3  67.0    8.2e-27   87.6  10.3    4.1  4  sp|A0A6P8HC43|ATPI1_ACTTE  Actinia tenebrosa protease inhibit
    3.6e-71  229.7  39.8    9.3e-27   87.5   6.8    3.2  3  sp|Q28864|TFPI1_MACMU      Tissue factor pathway inhibitor OS
    1.3e-70  227.9  41.9    7.7e-26   84.5  10.4    3.2  3  sp|Q02445|TFPI1_RAT        Tissue factor pathway inhibitor OS
    7.5e-69  222.3  37.9    1.7e-25   83.4   7.1    3.1  3  sp|O54819|TFPI1_MOUSE      Tissue factor pathway inhibitor OS
      1e-67  218.6  36.0    1.3e-25   83.8   5.5    3.2  3  sp|P19761|TFPI1_RABIT      Tissue factor pathway inhibitor OS
    3.3e-66  213.8  35.7    8.8e-24   77.9   6.2    3.0  3  sp|P84875|PCPI_SABMA       Carboxypeptidase inhibitor SmCI OS
    5.9e-63  203.4  42.0    1.3e-22   74.2   8.2    3.1  3  sp|P83606|BMTI6_RHIMP      Kunitz-type serine protease inhibi
    1.9e-60  195.3  63.8    5.7e-18   59.3   7.9    5.9  5  sp|Q03610|YN81_CAEEL       Uncharacterized protein ZC84.1 OS=
    1.1e-57  186.6  33.6    4.9e-27   88.4   5.5    3.1  3  sp|Q7YRQ8|TFPI2_BOVIN      Tissue factor pathway inhibitor 2 
    1.4e-49  160.5  19.8    1.3e-25   83.8   5.6    2.0  2  sp|P86733|KCP_HALAI        BPTI/Kunitz domain-containing prot
      3e-48  156.3  25.1    7.2e-24   78.2   3.2    3.1  3  sp|O35536|TFPI2_MOUSE      Tissue factor pathway inhibitor 2 
    5.3e-47  152.3  22.5    4.9e-26   85.1   7.8    2.2  2  sp|Q8WPI2|KUNIH_RHIMP      Boophilin-H2 OS=Rhipicephalus micr
    9.8e-47  151.4  21.5    6.2e-26   84.8   7.5    2.1  2  sp|Q8WPI3|KUNIG_RHIMP      Boophilin-G2 OS=Rhipicephalus micr
    1.2e-46  151.2  20.0    4.7e-25   82.0   5.9    2.2  2  sp|W4VSH9|VKT1_TRILK       Kunitz-type U19-barytoxin-Tl1a OS=
    2.2e-46  150.3  27.0    4.7e-24   78.8   9.6    3.0  3  sp|Q6T269|VKT3_BITGA       Kunitz-type serine protease inhibi
    7.9e-46  148.5  27.5    9.7e-27   87.4   8.0    2.1  2  sp|B6ZIW0|KUN_HAELO        Thrombin inhibitor hemalin OS=Haem
    3.8e-45  146.3  17.1    4.2e-25   82.2   2.5    2.2  2  sp|Q9WU03|SPIT2_MOUSE      Kunitz-type protease inhibitor 2 O
    7.9e-44  142.1  18.8    3.9e-23   75.9   5.1    2.0  2  sp|P04365|IATR_HORSE       Inter-alpha-trypsin inhibitor (Fra
    1.2e-42  138.4  23.5    3.1e-23   76.2   7.8    2.2  2  sp|Q5VJG2|KUNI_AMBHE       Amblin OS=Amblyomma hebraeum OX=34
    6.5e-41  132.8  25.0    9.8e-23   74.6   6.3    2.6  2  sp|Q9R097|SPIT1_MOUSE      Kunitz-type protease inhibitor 1 O
    6.7e-41  132.7  19.9    1.4e-21   70.9   5.7    2.4  2  sp|P00978|AMBP_BOVIN       Protein AMBP OS=Bos taurus OX=9913
    9.2e-41  132.3  20.7    9.6e-22   71.4   5.4    2.3  2  sp|Q60559|AMBP_MESAU       Protein AMBP OS=Mesocricetus aurat
    1.5e-40  131.7  22.2    4.7e-22   72.4   4.9    2.0  2  sp|P62756|IATR_CAPHI       Inter-alpha-trypsin inhibitor (Fra
    1.5e-40  131.7  22.2    4.7e-22   72.4   4.9    2.0  2  sp|P62757|IATR_SHEEP       Inter-alpha-trypsin inhibitor (Fra
    4.8e-40  130.0  19.9      7e-22   71.8   6.6    2.3  2  sp|Q62577|AMBP_MERUN       Protein AMBP OS=Meriones unguicula
    5.3e-40  129.9  18.5    4.6e-21   69.2   5.0    2.2  2  sp|B2BS84|VKT_AUSLA        Putative Kunitz-type serine protea
    1.7e-39  128.3  21.8    8.5e-22   71.6   6.2    2.3  2  sp|Q07456|AMBP_MOUSE       Protein AMBP OS=Mus musculus OX=10
      3e-39  127.5  20.2    1.2e-20   67.9   5.6    2.5  2  sp|P04366|AMBP_PIG         Protein AMBP (Fragment) OS=Sus scr
    6.6e-39  126.4  23.0    2.7e-21   70.0   6.0    2.3  2  sp|Q64240|AMBP_RAT         Protein AMBP OS=Rattus norvegicus 
    1.9e-38  124.9  20.5    3.7e-25   82.3   3.1    3.0  2  sp|Q08E66|WFKN2_BOVIN      WAP, Kazal, immunoglobulin, Kunitz
    4.2e-38  123.8  10.6    1.5e-24   80.4   1.7    2.9  2  sp|Q7TQN3|WFKN2_MOUSE      WAP, Kazal, immunoglobulin, Kunitz
    6.8e-38  123.1  18.7    6.2e-21   68.8   2.8    2.0  2  sp|P83609|BMTIA_RHIMP      Kunitz-type serine protease inhibi
    2.3e-35  115.0  19.4    8.1e-24   78.0   3.8    3.2  2  sp|Q8TEU8|WFKN2_HUMAN      WAP, Kazal, immunoglobulin, Kunitz
    2.4e-33  108.6  15.2    2.3e-20   67.0   3.2    2.7  2  sp|Q6NUX0|WFKN_DANRE       WAP, Kazal, immunoglobulin, Kunitz
    5.4e-30   97.8   7.6    5.8e-30   97.7   7.6    1.0  1  sp|P00975|IBPS_BOVIN       Serum basic protease inhibitor OS=
    3.2e-29   95.3   3.1    3.7e-29   95.1   3.1    1.0  1  sp|Q90WA0|VKT2_PSETT       Kunitz-type serine protease inhibi
    7.9e-29   94.1   8.1      1e-28   93.7   8.1    1.2  1  sp|P04815|BPT2_BOVIN       Spleen trypsin inhibitor I OS=Bos 
    9.1e-29   93.9   5.0      1e-28   93.7   5.0    1.0  1  sp|Q6ITB4|VKT2_OXYMI       Kunitz-type serine protease inhibi
    9.1e-29   93.9   5.0      1e-28   93.7   5.0    1.0  1  sp|Q6ITB6|VKT2_OXYSC       Kunitz-type serine protease inhibi
      1e-28   93.7   5.2    1.2e-28   93.5   5.2    1.0  1  sp|Q6ITB9|VKT3_PSEAU       Kunitz-type serine protease inhibi
    1.2e-28   93.5   3.4    1.3e-28   93.4   3.4    1.0  1  sp|Q6ITB5|VKT1_OXYMI       Kunitz-type serine protease inhibi
    1.2e-28   93.5   9.2    1.3e-28   93.4   9.2    1.0  1  sp|P0DMW7|VKT3B_ACTEQ      PI-actitoxin-Aeq3b OS=Actinia equi
    1.5e-28   93.2   6.3    1.8e-28   93.0   6.3    1.1  1  sp|P29216|A4_MACMU         Amyloid-beta precursor protein (Fr
    1.6e-28   93.1  10.3    1.7e-28   93.0  10.3    1.0  1  sp|P0DMW6|VKT3A_ACTEQ      PI-actitoxin-Aeq3a OS=Actinia equi
      2e-28   92.8   3.1    2.1e-28   92.7   3.1    1.0  1  sp|P0DV05|VKT2O_HETCR      PI-stichotoxin-Hcr2o OS=Heteractis
    2.1e-28   92.7  16.0      2e-19   64.0   6.4    2.3  2  sp|P36992|AMBP_PLEPL       Protein AMBP (Fragment) OS=Pleuron
    2.7e-28   92.4   5.9    2.9e-28   92.3   5.9    1.0  1  sp|P0DMJ6|VKT12_DENAN      Kunitz-type serine protease inhibi
    2.7e-28   92.4   5.9    2.9e-28   92.3   5.9    1.0  1  sp|Q7LZS8|VKTRE_DENAN      Kunitz-type serine protease inhibi
    3.2e-28   92.1   8.7    3.8e-28   91.9   8.7    1.1  1  sp|Q6T6T5|VKT1_BITGA       Kunitz-type serine protease inhibi
    5.7e-28   91.3   4.1      6e-28   91.3   4.1    1.0  1  sp|C0HK74|3CPI_HETMG       PI-stichotoxin-Hmg3c OS=Heteractis
    6.8e-28   91.1   5.6    7.3e-28   91.0   5.6    1.0  1  sp|P00984|VKTE_DENPO       Kunitz-type serine protease inhibi
    6.8e-28   91.1   5.6    7.3e-28   91.0   5.6    1.0  1  sp|Q7LZE3|VKTHE_DENAN      Kunitz-type serine protease inhibi
    7.8e-28   90.9   5.1    8.9e-28   90.7   5.1    1.0  1  sp|B5KL39|VKT2_AUSSU       Kunitz-type serine protease inhibi
    8.3e-28   90.8   3.8    4.2e-21   69.3   0.5    2.7  2  sp|Q96NZ8|WFKN1_HUMAN      WAP, Kazal, immunoglobulin, Kunitz
      9e-28   90.7   6.7      1e-27   90.5   6.7    1.0  1  sp|Q90W98|VKT4_PSETT       Kunitz-type serine protease inhibi
    9.2e-28   90.7   5.0    1.1e-27   90.5   5.0    1.0  1  sp|B7S4N9|VKT_OXYSC        Kunitz-type serine protease inhibi
    9.7e-28   90.6   3.8      1e-27   90.5   3.8    1.0  1  sp|C0HJU7|VKT2G_HETCR      PI-stichotoxin-Hcr2g OS=Heteractis
    9.7e-28   90.6   3.8      1e-27   90.5   3.8    1.0  1  sp|C0HK72|3API_HETMG       PI-stichotoxin-Hmg3a OS=Heteractis
    9.7e-28   90.6   3.9    1.1e-27   90.5   3.9    1.0  1  sp|P00985|VKT2_HEMHA       Kunitz-type serine protease inhibi
    9.8e-28   90.6   5.6    1.1e-27   90.4   5.6    1.0  1  sp|Q9TWG0|VKT1_ANESU       KappaPI-actitoxin-Avd3b OS=Anemoni
    1.1e-27   90.4   5.5    1.3e-27   90.2   5.5    1.0  1  sp|F8J2F3|VKT28_DRYCN      Kunitz-type serine protease inhibi
    1.1e-27   90.4   4.1    1.3e-27   90.1   4.1    1.1  1  sp|P0DMJ5|VKT2E_HETCR      PI-stichotoxin-Hcr2e OS=Heteractis
    1.1e-27   90.4   4.9    2.2e-27   89.5   4.9    1.4  1  sp|P12023|A4_MOUSE         Amyloid-beta precursor protein OS=
    1.2e-27   90.3   5.2    1.2e-27   90.2   5.2    1.0  1  sp|P0DV04|VKT2N_HETCR      PI-stichotoxin-Hcr2n OS=Heteractis
    1.2e-27   90.3   6.2    1.4e-27   90.1   6.2    1.0  1  sp|Q2ES47|VKT4_DABRR       Kunitz-type serine protease inhibi
    1.2e-27   90.3   7.3    1.3e-27   90.1   7.3    1.0  1  sp|P10280|VKT52_ANESU      KappaPI-actitoxin-Avd3a OS=Anemoni
    1.3e-27   90.2   6.7    1.5e-27   90.0   6.7    1.0  1  sp|B5L5R0|IVBI4_PSEPO      Blackelin-4 OS=Pseudechis porphyri
    1.3e-27   90.2   6.7    1.5e-27   90.0   6.7    1.0  1  sp|B5G6G6|VKT2_PSEPO       Kunitz-type serine protease inhibi
    1.4e-27   90.1   6.5    1.6e-27   89.9   6.5    1.0  1  sp|Q6ITB0|VKT1_TROCA       Kunitz-type serine protease inhibi
    1.4e-27   90.1   6.5    1.6e-27   89.9   6.5    1.0  1  sp|Q6ITB1|VKT_PSEPO        Kunitz-type serine protease inhibi
    1.6e-27   89.9   4.8    1.9e-27   89.7   4.8    1.1  1  sp|P0DN06|VKT1A_ANEVI      U-actitoxin-Avd3f OS=Anemonia viri
    1.6e-27   89.9   6.9    1.8e-27   89.8   6.9    1.0  1  sp|C0HLB2|VKT_PSEPC        Kunitz-type serine protease inhibi
    1.7e-27   89.8   4.1    1.9e-27   89.7   4.1    1.0  1  sp|Q6ITB7|VKT1_OXYSC       Kunitz-type serine protease inhibi
    1.7e-27   89.8   6.1    2.1e-27   89.5   6.1    1.1  1  sp|Q2ES46|VKT5_DABRR       Kunitz-type serine protease inhibi
    1.9e-27   89.6   6.1    2.2e-27   89.5   6.1    1.0  1  sp|B5KF96|VKT2_CRYNI       Kunitz-type serine protease inhibi
    1.9e-27   89.6   5.5    3.8e-27   88.7   5.5    1.5  1  sp|Q95241|A4_SAISC         Amyloid-beta precursor protein OS=
    1.9e-27   89.6   5.5    3.9e-27   88.7   5.5    1.5  1  sp|P79307|A4_PIG           Amyloid-beta precursor protein OS=
    2.1e-27   89.5   5.5    3.9e-27   88.7   5.5    1.4  1  sp|P53601|A4_MACFA         Amyloid-beta precursor protein OS=
    2.1e-27   89.5   5.5    3.9e-27   88.7   5.5    1.4  1  sp|Q5IS80|A4_PANTR         Amyloid-beta precursor protein OS=
    2.1e-27   89.5   5.5    3.9e-27   88.7   5.5    1.4  1  sp|P08592|A4_RAT           Amyloid-beta precursor protein OS=
    2.7e-27   89.2   7.3    3.3e-27   88.9   7.3    1.1  1  sp|P0DN08|VKT53_ANEVI      KappaPI-actitoxin-Avd3e OS=Anemoni
    2.9e-27   89.1   5.9    3.4e-27   88.9   5.9    1.0  1  sp|F8J2F5|VKT87_DRYCN      Kunitz-type serine protease inhibi
    3.2e-27   88.9   7.3      4e-27   88.6   7.3    1.1  1  sp|P0DN09|VKT5_ANEVI       U-actitoxin-Avd3h OS=Anemonia viri
    3.3e-27   88.9   7.9    3.8e-27   88.7   7.9    1.0  1  sp|Q90W99|VKT3_PSETT       Kunitz-type serine protease inhibi
    3.4e-27   88.8   6.5    3.9e-27   88.7   6.5    1.0  1  sp|B6RLX2|VKTCT_OPHHA      Kunitz-type serine protease inhibi
    3.4e-27   88.8   5.1    3.9e-27   88.7   5.1    1.0  1  sp|C1IC50|VKT1_WALAE       Protease inhibitor 1 OS=Walterinne
    3.5e-27   88.8   8.4    3.7e-27   88.7   8.4    1.0  1  sp|P81129|VKT2_STIHL       PI-stichotoxin-She2b OS=Stichodact
    3.6e-27   88.8   2.9    3.9e-27   88.7   2.9    1.0  1  sp|C0HK73|3BPI_HETMG       PI-stichotoxin-Hmg3b OS=Heteractis
    3.9e-27   88.6   7.5    4.5e-27   88.5   7.5    1.0  1  sp|B5KF95|VKT1_CRYNI       Kunitz-type serine protease inhibi
    3.9e-27   88.6   7.5    4.5e-27   88.5   7.5    1.0  1  sp|B5KL36|VKT5_CRYNI       Kunitz-type serine protease inhibi
    4.5e-27   88.5   6.0    5.5e-27   88.2   6.0    1.1  1  sp|P0DN11|VKT7_ANEVI       U-actitoxin-Avd3j OS=Anemonia viri
    4.7e-27   88.4   3.5      5e-27   88.3   3.5    1.0  1  sp|P0DV03|VKT2M_HETCR      PI-stichotoxin-Hcr2m OS=Heteractis
    4.9e-27   88.3   5.2    5.2e-27   88.2   5.2    1.0  1  sp|C0HJF4|VKT2C_HETCR      TauPI-stichotoxin-Hcr2c OS=Heterac
    6.4e-27   88.0   7.4    7.3e-27   87.8   7.4    1.0  1  sp|B5KL40|VKT3_AUSSU       Kunitz-type serine protease inhibi
    6.6e-27   87.9   4.1    7.1e-27   87.8   4.1    1.0  1  sp|P00986|VKT2_NAJNI       Kunitz-type serine protease inhibi
      7e-27   87.9   6.5    7.4e-27   87.8   6.5    1.0  1  sp|P00982|VKTHD_DENAN      Kunitz-type serine protease inhibi
    7.2e-27   87.8   8.1    8.2e-27   87.6   8.1    1.0  1  sp|B5L5R7|VKT2_HOPST       Kunitz-type serine protease inhibi
    7.2e-27   87.8   7.0    8.2e-27   87.6   7.0    1.0  1  sp|B5KL37|VKT6_CRYNI       Kunitz-type serine protease inhibi
    7.4e-27   87.8   5.4    1.5e-26   86.8   5.4    1.5  1  sp|Q60495|A4_CAVPO         Amyloid-beta precursor protein OS=
    8.2e-27   87.6   5.1    9.5e-27   87.4   5.1    1.0  1  sp|Q6ITC0|VKT2_PSEAU       Kunitz-type serine protease inhibi
    8.7e-27   87.5   8.8      1e-26   87.3   8.8    1.0  1  sp|B5L5M7|IVBI_AUSSU       Kunitz/BPTI-like toxin OS=Austrela
    9.2e-27   87.5   6.2    9.2e-27   87.5   6.2    1.7  1  sp|A0A6B7FA07|VKT2J_HETCR  PI-stichotoxin-Hcr2j (Fragment) OS
    9.5e-27   87.4   5.5      1e-26   87.3   5.5    1.0  1  sp|C0HJF3|VKT2D_HETCR      TauPI-stichotoxin-Hcr2d OS=Heterac
      1e-26   87.3   9.4    1.1e-26   87.2   9.4    1.0  1  sp|P00994|ISIK_HELPO       Isoinhibitor K OS=Helix pomatia OX
      1e-26   87.3   6.3    1.2e-26   87.1   6.3    1.0  1  sp|B5KL35|VKT4_CRYNI       Kunitz-type serine protease inhibi
    1.1e-26   87.2   5.9    1.4e-26   86.9   5.9    1.1  1  sp|Q8T3S7|VKT1_ARAVE       Kunitz-type U1-aranetoxin-Av1a OS=
    1.2e-26   87.1   5.5    1.2e-26   87.1   5.5    1.8  1  sp|P00993|IBP_CARCR        Chelonianin OS=Caretta caretta OX=
    1.3e-26   86.9   6.3    1.3e-26   86.9   6.3    1.7  1  sp|A0A6B7FEJ3|VKT2K_HETCR  PI-stichotoxin-Hcr2k (Fragment) OS
    1.4e-26   86.9   6.0    1.7e-26   86.6   6.0    1.1  1  sp|P0DN12|VKT8_ANEVI       U-actitoxin-Avd3k OS=Anemonia viri
    1.5e-26   86.8   4.9    1.7e-26   86.6   4.9    1.1  1  sp|C1IC52|VKT2_WALAE       Kunitz-type serine protease inhibi
    1.5e-26   86.8   2.6    1.6e-26   86.7   2.6    1.0  1  sp|P81902|CSTI_BOMMO       Trypsin inhibitor OS=Bombyx mori O
    1.5e-26   86.8   7.2    1.6e-26   86.7   7.2    1.0  1  sp|Q9TWF8|VKT3_ANESU       KappaPI-actitoxin-Avd3d OS=Anemoni
    1.6e-26   86.7  11.5    1.8e-26   86.5  11.5    1.1  1  sp|Q6T6S5|VKT2_BITGA       Kunitz-type serine protease inhibi
    1.7e-26   86.6   8.9      2e-26   86.4   8.9    1.1  1  sp|A8Y7N9|VKTC6_DABSI      Kunitz-type serine protease inhibi
    1.7e-26   86.6   7.1      2e-26   86.4   7.1    1.0  1  sp|P81547|VKT1_ANTAF       PI-actitoxin-Axm2a OS=Anthopleura 
    1.9e-26   86.4   8.0    2.2e-26   86.2   8.0    1.1  1  sp|P00991|VKT1_VIPAA       Kunitz-type serine protease inhibi
    1.9e-26   86.4   6.6    1.9e-26   86.4   6.6    1.9  1  sp|A0A6B7FBD3|VKT2I_HETCR  PI-stichotoxin-Hcr2i OS=Heteractis
    2.1e-26   86.3   7.2    2.5e-26   86.1   7.2    1.1  1  sp|P00992|VKT3_VIPAA       Kunitz-type serine protease inhibi
    2.1e-26   86.3   6.7    2.5e-26   86.1   6.7    1.0  1  sp|Q9TWF9|VKT2_ANESU       KappaPI-actitoxin-Avd3c OS=Anemoni
    2.2e-26   86.2   6.3    2.4e-26   86.2   6.3    1.0  1  sp|P0DL86|VKT2H_HETCR      PI-stichotoxin-Hcr2h OS=Heteractis
    2.3e-26   86.2   4.4    2.9e-26   85.9   4.4    1.0  1  sp|P00981|VKTHK_DENPO      Kunitz-type serine protease inhibi
    2.4e-26   86.1   7.4    2.9e-26   85.9   7.4    1.1  1  sp|P0DN13|VKT9_ANEVI       U-actitoxin-Avd3l OS=Anemonia viri
    2.5e-26   86.1   4.5    2.9e-26   85.8   4.5    1.1  1  sp|C1IC51|VKT3_WALAE       Protease inhibitor 3 OS=Walterinne
    2.7e-26   86.0   4.5    3.1e-26   85.8   4.5    1.0  1  sp|B5L5R4|IVBI4_NOTSC      Tigerin-4 OS=Notechis scutatus scu
    2.8e-26   85.9   5.1    3.2e-26   85.7   5.1    1.0  1  sp|A6MGY1|VKT7_DEMVE       Kunitz-type serine protease inhibi
    3.1e-26   85.8   5.7    3.5e-26   85.6   5.7    1.0  1  sp|A6MFL1|VKT1_DEMVE       Kunitz-type serine protease inhibi
    3.3e-26   85.7   6.4    3.8e-26   85.5   6.4    1.0  1  sp|F8J2F4|VKT16_DRYCN      Kunitz-type serine protease inhibi
    3.3e-26   85.7   7.5    3.8e-26   85.5   7.5    1.0  1  sp|A6MFL4|VKT4_DEMVE       Kunitz-type serine protease inhibi
    3.5e-26   85.6   6.4      4e-26   85.4   6.4    1.0  1  sp|E7FL11|VKT1_PSERS       Kunitz serine protease inhibitor P
    3.6e-26   85.6   5.1    4.4e-26   85.3   5.1    1.1  1  sp|B2G331|VKT2B_HETCR      TauPI-stichotoxin-Hcr2b OS=Heterac
    3.7e-26   85.5   7.5    4.2e-26   85.3   7.5    1.1  1  sp|P0DN19|VKTF_ANEVI       U-actitoxin-Avd3r (Fragment) OS=An
    3.8e-26   85.5   9.3    4.7e-26   85.2   9.3    1.0  1  sp|P86862|VKT1_ANTEL       KappaPI-actitoxin-Ael3a OS=Anthopl
    3.8e-26   85.5  26.9    1.1e-14   48.8   5.3    2.2  2  sp|H2A0P0|KCP5_PINMG       BPTI/Kunitz domain-containing prot
    3.9e-26   85.4   4.3    4.2e-26   85.4   4.3    1.0  1  sp|P0DV06|VKT2P_HETCR      PI-stichotoxin-Hcr2p OS=Heteractis
    4.2e-26   85.4   8.1    5.1e-26   85.1   8.1    1.1  1  sp|P0DN10|VKT6_ANEVI       U-actitoxin-Avd3i OS=Anemonia viri
    4.4e-26   85.3   5.7    4.6e-26   85.2   5.7    1.0  1  sp|P0DMJ4|VKTI3_ANTFU      PI-actitoxin-Afv2b OS=Anthopleura 
    4.5e-26   85.3   6.8    4.5e-26   85.3   6.8    1.7  1  sp|A0A3G2FQK2|3DPD_HETMG   PI-stichotoxin-Hmg3d (Fragment) OS
    4.5e-26   85.3   5.4    5.1e-26   85.1   5.4    1.0  1  sp|B5KL38|VKT1_AUSSU       Kunitz-type serine protease inhibi
    4.7e-26   85.2   3.1    5.3e-26   85.0   3.1    1.0  1  sp|Q6ITB3|VKT1_NOTSC       Kunitz-type serine protease inhibi
    4.7e-26   85.2   3.1    5.3e-26   85.0   3.1    1.0  1  sp|B5KL33|VKT2_TROCA       Kunitz-type serine protease inhibi
    5.1e-26   85.1   7.5    6.3e-26   84.8   7.5    1.1  1  sp|P0DN17|VKTD_ANEVI       U-actitoxin-Avd3p OS=Anemonia viri
    5.3e-26   85.0   5.1    6.1e-26   84.8   5.1    1.0  1  sp|B5KF94|VKT1_HOPST       Kunitz-type serine protease inhibi
    5.5e-26   85.0   5.0    6.3e-26   84.8   5.0    1.0  1  sp|A6MGX9|VKT5_DEMVE       Kunitz-type serine protease inhibi
    5.6e-26   85.0   4.0    6.3e-26   84.8   4.0    1.0  1  sp|A6MFL3|VKT3_DEMVE       Kunitz-type serine protease inhibi
    5.8e-26   84.9   6.1    6.7e-26   84.7   6.1    1.0  1  sp|Q6ITC1|VKTH1_PSEAU      Kunitz-type serine protease inhibi
    5.9e-26   84.9   4.7    6.2e-26   84.8   4.7    1.0  1  sp|C0HJU6|VKT2F_HETCR      PI-stichotoxin-Hcr2f OS=Heteractis
    6.4e-26   84.8   6.5    7.3e-26   84.6   6.5    1.0  1  sp|B5L5R1|IVBI5_PSEPO      Blackelin-5 OS=Pseudechis porphyri
    6.5e-26   84.7   3.3    7.4e-26   84.6   3.3    1.0  1  sp|P00976|IBPC_BOVIN       Colostrum trypsin inhibitor OS=Bos
    7.7e-26   84.5   5.7    8.8e-26   84.3   5.7    1.0  1  sp|B5KL31|VKT3_PSEPO       Kunitz-type serine protease inhibi
    8.6e-26   84.4   5.1    9.8e-26   84.2   5.1    1.0  1  sp|E7FL12|VKT2_PSERS       Kunitz serine protease inhibitor P
    9.4e-26   84.2   6.4    1.1e-25   84.0   6.4    1.0  1  sp|B4ESA3|VKT2L_BUNMU      Kunitz-type serine protease inhibi
    9.6e-26   84.2   7.8    1.1e-25   84.0   7.8    1.0  1  sp|P0DMJ2|VKT3C_ACTEQ      PI-actitoxin-Aeq3c OS=Actinia equi
    9.8e-26   84.2   5.8    1.1e-25   84.0   5.8    1.0  1  sp|B5KL34|VKT3_CRYNI       Kunitz-type serine protease inhibi
    1.1e-25   84.0   6.5    1.3e-25   83.8   6.5    1.0  1  sp|E7FL13|VKT3_PSERS       Kunitz serine protease inhibitor P
    1.2e-25   84.0   3.1    1.2e-25   84.0   3.1    2.2  1  sp|Q06481|APLP2_HUMAN      Amyloid beta precursor like protei
    1.2e-25   83.9   3.1    1.2e-25   83.9   3.1    1.9  1  sp|P15943|APLP2_RAT        Amyloid beta precursor like protei
    1.2e-25   83.9   5.7    1.3e-25   83.7   5.7    1.0  1  sp|Q6ITB8|VKT4_PSEAU       Kunitz-type serine protease inhibi
    1.4e-25   83.7   5.9    1.6e-25   83.5   5.9    1.0  1  sp|B5L5Q8|VKT5_PSEAU       Kunitz-type serine protease inhibi
    1.5e-25   83.6   8.3    1.8e-25   83.3   8.3    1.1  1  sp|P0DN14|VKTA_ANEVI       U-actitoxin-Avd3m OS=Anemonia viri
    1.5e-25   83.6   8.3    1.8e-25   83.3   8.3    1.1  1  sp|C1IC53|VKT4_WALAE       Protease inhibitor 4 OS=Walterinne
    1.5e-25   83.6   8.1    1.7e-25   83.4   8.1    1.0  1  sp|P25660|VKT9_BUNFA       Kunitz-type serine protease inhibi
    1.6e-25   83.5   8.8    3.5e-25   82.4   8.8    1.6  1  sp|A5X2X1|VKT_SISCA        Fused toxin protein OS=Sistrurus c
    1.8e-25   83.3   7.2    2.2e-25   83.1   7.2    1.0  1  sp|B2KTG1|VKT_BUNFA        Kunitz-type serine protease inhibi
    2.1e-25   83.1   5.7    2.6e-25   82.8   5.7    1.1  1  sp|B1B5I8|VKT3_STIHA       KappaPI-stichotoxin-Shd2a OS=Stich
    2.2e-25   83.1   8.3    2.4e-25   82.9   8.3    1.0  1  sp|P24541|VKT_ERIMA        Kunitz-type serine protease inhibi
    2.2e-25   83.1   3.2    2.5e-25   82.9   3.2    1.0  1  sp|B5KL30|VKT4_OXYSC       Kunitz-type serine protease inhibi
    2.2e-25   83.1   6.7    2.6e-25   82.8   6.7    1.1  1  sp|P0DN20|VKTG_ANEVI       U-actitoxin-Avd3s (Fragment) OS=An
    2.2e-25   83.1   6.7    2.5e-25   82.9   6.7    1.0  1  sp|A6MFL2|VKT2_DEMVE       Kunitz-type serine protease inhibi
    2.3e-25   83.0   8.0    2.5e-25   82.9   8.0    1.0  1  sp|P0DKL8|VKT_VIPRE        Kunitz-type serine protease inhibi
    3.2e-25   82.5   6.1    3.2e-25   82.5   6.1    1.5  1  sp|Q29100|UPTI_PIG         Uterine plasmin/trypsin inhibitor 
    3.6e-25   82.4   8.1    4.1e-25   82.2   8.1    1.0  1  sp|A8Y7N6|VKTC3_DABSI      Kunitz-type serine protease inhibi
    3.8e-25   82.3   3.4      4e-24   79.0   5.2    1.8  1  sp|Q28201|TKDP1_BOVIN      Trophoblast Kunitz domain protein 
    3.9e-25   82.2   5.8    4.5e-25   82.1   5.8    1.0  1  sp|Q8AY41|VKTC_BUNCA       Kunitz-type serine protease inhibi
    4.3e-25   82.1   8.1      5e-25   81.9   8.1    1.1  1  sp|A8Y7N7|VKTC4_DABSI      Kunitz-type serine protease inhibi
      5e-25   81.9   5.3    8.7e-25   81.1   5.3    1.4  1  sp|Q29428|TKDP1_SHEEP      Trophoblast Kunitz domain protein 
    5.2e-25   81.9   8.7    6.4e-25   81.6   8.7    1.1  1  sp|P0DN07|VKT4_ANEVI       U-actitoxin-Avd3g OS=Anemonia viri
    5.7e-25   81.7   0.5    1.2e-24   80.7   0.5    1.5  1  sp|F6ULY1|WFC6B_MOUSE      WAP four-disulfide core domain pro
    6.2e-25   81.6   9.7      7e-25   81.5   9.7    1.1  1  sp|C8YJ94|KUN2_TABYA       Tabkunin 2 OS=Tabanus yao OX=48557
    6.4e-25   81.6   6.2    7.4e-25   81.4   6.2    1.0  1  sp|H6VC06|VKTK2_DABRR      Kunitz-type serine protease inhibi
    6.9e-25   81.5   2.0    3.7e-21   69.5   0.2    2.9  2  sp|P0C5J5|WFKN1_RAT        WAP, Kazal, immunoglobulin, Kunitz
    7.2e-25   81.4   9.2    8.5e-25   81.2   9.2    1.1  1  sp|E5AJX3|VKT_VIPBN        Kunitz-type serine protease inhibi
    7.6e-25   81.3   7.4    8.6e-25   81.2   7.4    1.0  1  sp|B5KL32|VKT3_NOTSC       Kunitz-type serine protease inhibi
    7.9e-25   81.3   6.1      9e-25   81.1   6.1    1.0  1  sp|A8Y7N5|VKTC2_DABSI      Kunitz-type serine protease inhibi
    8.1e-25   81.2   6.3    9.3e-25   81.0   6.3    1.0  1  sp|P00979|VKTH1_DENPO      Kunitz-type serine protease inhibi
    8.5e-25   81.2   6.9    9.7e-25   81.0   6.9    1.0  1  sp|B2KTG2|VKTH1_BUNFA      Kunitz-type serine protease inhibi
      1e-24   80.9   5.7    1.1e-24   80.8   5.7    1.0  1  sp|F8J2F6|VKT18_DRYCN      Kunitz-type serine protease inhibi
    1.1e-24   80.9   8.4    1.2e-24   80.7   8.4    1.1  1  sp|C8YJ95|KUN3_TABYA       Tabkunin 2 OS=Tabanus yao OX=48557
    1.1e-24   80.8   3.3    3.2e-21   69.7   0.4    2.8  2  sp|Q8R0S6|WFKN1_MOUSE      WAP, Kazal, immunoglobulin, Kunitz
    1.2e-24   80.7   7.4    1.2e-24   80.7   7.4    1.0  1  sp|P0DMJ3|VKTI1_ANTFU      PI-actitoxin-Afv2a OS=Anthopleura 
    1.3e-24   80.6   8.3    1.4e-24   80.5   8.3    1.0  1  sp|P00990|VKT2_DABSI       Kunitz-type serine protease inhibi
    1.4e-24   80.5  11.7    1.5e-24   80.4  11.7    1.0  1  sp|P0DMX0|VKT3_ANTAF       PI-actitoxin-Axm2b OS=Anthopleura 
    1.4e-24   80.5  10.9    1.7e-24   80.2  10.9    1.1  1  sp|P0DJ50|VKT31_MESMA      Kunitz-type serine protease inhibi
    1.5e-24   80.4   7.5    1.7e-24   80.2   7.5    1.0  1  sp|B5KL41|VKT4_AUSSU       Kunitz-type serine protease inhibi
    1.5e-24   80.4   9.5    1.7e-24   80.2   9.5    1.1  1  sp|Q8AY43|VKTA_BUNCA       Kunitz-type serine protease inhibi
    1.7e-24   80.2   1.8    1.9e-24   80.0   1.8    1.0  1  sp|Q6ITB2|VKT2_NOTSC       Kunitz-type serine protease inhibi
    1.8e-24   80.1   5.8    2.1e-24   79.9   5.8    1.1  1  sp|Q1RPT0|VKTH4_BUNMU      Kunitz-type serine protease inhibi
    1.8e-24   80.1   5.8    2.1e-24   79.9   5.8    1.0  1  sp|Q8AY45|VKBH2_BUNCA      Kunitz-type serine protease inhibi
      2e-24   80.0  10.5    2.3e-24   79.8  10.5    1.1  1  sp|A7X3V4|VKT1_TELDH       Kunitz-type serine protease inhibi
      2e-24   80.0   9.3    2.2e-24   79.8   9.3    1.1  1  sp|C1IBY4|KUN1_TABYA       Tabkunin 1 OS=Tabanus yao OX=48557
      2e-24   80.0   5.3    2.3e-24   79.8   5.3    1.0  1  sp|Q75S50|VKTH3_BUNCA      Kunitz-type serine protease inhibi
      2e-24   80.0   5.3    2.3e-24   79.8   5.3    1.0  1  sp|Q8AY44|VKTH7_BUNCA      Kunitz-type serine protease inhibi
    2.2e-24   79.9   6.3    2.5e-24   79.7   6.3    1.0  1  sp|A8Y7P4|VKTB4_DABSI      Kunitz-type serine protease inhibi
    2.2e-24   79.9  16.3    1.3e-13   45.4   4.1    2.2  2  sp|H2A0N1|KCP2_PINMG       BPTI/Kunitz domain-containing prot
    2.3e-24   79.8   8.4    2.9e-24   79.5   8.4    1.1  1  sp|P0DN18|VKTE_ANEVI       U-actitoxin-Avd3q OS=Anemonia viri
    2.5e-24   79.7   9.1    2.7e-24   79.6   9.1    1.0  1  sp|P0DQQ9|VKT1_PALCA       Kunitz-like toxin PcKuz1 OS=Palyth
    2.7e-24   79.6   9.3    3.2e-24   79.3   9.3    1.1  1  sp|A8Y7N4|VKTC1_DABSI      Kunitz-type serine protease inhibi
    2.7e-24   79.6   9.3    3.2e-24   79.3   9.3    1.1  1  sp|H6VC05|VKTK1_DABRR      Kunitz-type serine protease inhibi
      3e-24   79.4   3.7    5.6e-24   78.5   3.7    1.4  1  sp|O93279|A4_TAKRU         Amyloid-beta A4 protein OS=Takifug
    3.3e-24   79.3   8.9    3.7e-24   79.1   8.9    1.0  1  sp|A8Y7P6|VKTB6_DABSI      Kunitz-type serine protease inhibi
    3.4e-24   79.2   6.2    3.9e-24   79.0   6.2    1.0  1  sp|A8Y7P1|VKTB1_DABSI      Kunitz-type serine protease inhibi
    3.6e-24   79.2   4.0    3.6e-24   79.2   4.0    1.4  1  sp|O62845|ELAC_NOTEU       Early lactation protein OS=Notamac
    3.8e-24   79.1   9.0    4.4e-24   78.9   9.0    1.1  1  sp|A8Y7N8|VKTC5_DABSI      Kunitz-type serine protease inhibi
    4.1e-24   79.0   8.4    9.8e-24   77.8   8.4    1.7  1  sp|D4A2Z2|EPPI_RAT         Eppin OS=Rattus norvegicus OX=1011
    4.1e-24   79.0   6.2    4.8e-24   78.8   6.2    1.1  1  sp|A8Y7P5|VKTB5_DABSI      Kunitz-type serine protease inhibi
    4.3e-24   78.9   7.0    4.9e-24   78.7   7.0    1.0  1  sp|Q2ES48|VKT3_DABRR       Kunitz-type serine protease inhibi
    4.3e-24   78.9   7.2    4.7e-24   78.8   7.2    1.0  1  sp|P20229|VKTTI_NAJNA      Kunitz-type serine protease inhibi
    4.6e-24   78.8   8.5    5.2e-24   78.6   8.5    1.0  1  sp|A8Y7P0|VKTB7_DABSI      Kunitz-type serine protease inhibi
    4.6e-24   78.8   8.5    5.2e-24   78.6   8.5    1.0  1  sp|Q2ES50|VKT1_DABRR       Kunitz-type serine protease inhibi
    5.2e-24   78.7   4.1      6e-24   78.5   4.1    1.0  1  sp|B5KL27|VKT3_OXYMI       Kunitz-type serine protease inhibi
    5.2e-24   78.6   7.0    6.3e-24   78.4   7.0    1.1  1  sp|P0C8W3|VKT11_HOFGE      Kunitz-type serine protease inhibi
    5.5e-24   78.6  10.1    6.5e-24   78.3  10.1    1.1  1  sp|I2G9B4|VKT_MACLN        Kunitz-type serine protease inhibi
    5.5e-24   78.6   0.3    1.2e-23   77.5   0.3    1.6  1  sp|Q3UW55|WFC6A_MOUSE      WAP four-disulfide core domain pro
    5.8e-24   78.5   6.7    6.7e-24   78.3   6.7    1.0  1  sp|A8Y7P3|VKTB3_DABSI      Kunitz-type serine protease inhibi
    6.2e-24   78.4   9.6    7.3e-24   78.2   9.6    1.1  1  sp|Q8AY42|VKTB_BUNCA       Kunitz-type serine protease inhibi
    7.5e-24   78.1   4.3    8.6e-24   77.9   4.3    1.0  1  sp|B5KL29|VKT3_OXYSC       Kunitz-type serine protease inhibi
    7.7e-24   78.1  10.3    8.8e-24   77.9  10.3    1.0  1  sp|B4ESA4|VKT3L_BUNMU      Kunitz-type serine protease inhibi
    8.5e-24   78.0   5.2    9.7e-24   77.8   5.2    1.0  1  sp|Q90W96|VKT6_PSETT       Kunitz-type serine protease inhibi
    8.9e-24   77.9   6.0      1e-23   77.7   6.0    1.0  1  sp|P26228|SBPI_SARBU       Protease inhibitor OS=Sarcophaga b
    1.1e-23   77.6   5.5    1.3e-23   77.4   5.5    1.1  1  sp|P81162|CRPTI_RHIMP      Protease inhibitor carrapatin OS=R
    1.1e-23   77.6   6.7    1.2e-23   77.5   6.7    1.0  1  sp|P0DQR1|VKT3_PALCA       Kunitz-like toxin PcKuz3 OS=Palyth
    1.3e-23   77.4   6.7    1.6e-23   77.1   6.7    1.1  1  sp|P0DJ46|VKT21_LYCMC      Kunitz-type serine protease inhibi
    1.4e-23   77.3   8.7    1.6e-23   77.1   8.7    1.0  1  sp|A8Y7P2|VKTB2_DABSI      Kunitz-type serine protease inhibi
    2.1e-23   76.7   9.3    2.4e-23   76.5   9.3    1.0  1  sp|Q5ZPJ7|VKT_NAJAT        Kunitz-type serine protease inhibi
    2.4e-23   76.5  19.2    2.3e-12   41.4   4.4    2.2  2  sp|H2A0N5|KCP3_PINMG       BPTI/Kunitz domain-containing prot
    2.7e-23   76.4   9.6    3.1e-23   76.2   9.6    1.0  1  sp|D5J9Q8|VKT5_BUNFL       Kunitz-type serine protease inhibi
    2.8e-23   76.3   7.0    5.7e-23   75.3   7.0    1.5  1  sp|Q9BDL1|EPPI_MACMU       Eppin OS=Macaca mulatta OX=9544 GN
    2.9e-23   76.3   6.3    6.9e-23   75.1   6.3    1.7  1  sp|O95925|EPPI_HUMAN       Eppin OS=Homo sapiens OX=9606 GN=E
    4.1e-23   75.8  10.0    4.9e-23   75.5  10.0    1.0  1  sp|P81548|VKT2_ANTAF       PI-actitoxin-Axm2b OS=Anthopleura 
    4.4e-23   75.7   8.6      5e-23   75.5   8.6    1.0  1  sp|Q7T2Q6|VKTHB_BUNFL      Kunitz-type serine protease inhibi
    4.9e-23   75.5   4.4    5.6e-23   75.3   4.4    1.0  1  sp|B5L5Q1|VKT7_PSETT       Kunitz-type serine protease inhibi
      5e-23   75.5   9.2    5.8e-23   75.3   9.2    1.0  1  sp|B2KTG3|VKTH2_BUNFA      Kunitz-type serine protease inhibi
    5.9e-23   75.3   6.3    7.1e-23   75.0   6.3    1.1  1  sp|A7X3V7|VKT1_PHIOL       Kunitz-type serine protease inhibi
    5.9e-23   75.3   4.1    6.8e-23   75.1   4.1    1.0  1  sp|B5KL28|VKT4_OXYMI       Kunitz-type serine protease inhibi
    6.6e-23   75.1   7.4      8e-23   74.9   7.4    1.1  1  sp|P0DJ45|VKT22_LYCMC      Kunitz-type serine protease inhibi
    7.6e-23   74.9   4.7    4.1e-22   72.6   4.7    2.3  1  sp|Q4KUS1|WFDC8_MOUSE      WAP four-disulfide core domain pro
    7.8e-23   74.9   9.5    8.8e-23   74.7   9.5    1.1  1  sp|C8YJ97|KUN5_TABYA       Tabkunin 5 OS=Tabanus yao OX=48557
      8e-23   74.8   7.2    9.4e-23   74.6   7.2    1.0  1  sp|P16044|IBPI_TACTR       Proteinase inhibitor OS=Tachypleus
    8.7e-23   74.7  19.3    2.3e-12   41.3   4.9    2.3  2  sp|P86964|KCP3_PINMA       BPTI/Kunitz domain-containing prot
    8.8e-23   74.7   5.2      1e-22   74.5   5.2    1.0  1  sp|P82966|VKTCI_OPHHA      Kunitz-type serine protease inhibi
    9.7e-23   74.6   8.1    9.7e-23   74.6   8.1    2.2  1  sp|P82968|MCPI_MELCP       Four-domain proteases inhibitor OS
    1.1e-22   74.5   4.6    2.5e-22   73.3   4.6    1.7  1  sp|P15989|CO6A3_CHICK      Collagen alpha-3(VI) chain OS=Gall
    1.1e-22   74.5   9.9    1.3e-22   74.2   9.9    1.1  1  sp|P0DN15|VKTB_ANEVI       U-actitoxin-Avd3n OS=Anemonia viri
    1.2e-22   74.3   4.9    1.4e-22   74.1   4.9    1.1  1  sp|B5L5R6|IVBI3_HOPST      Stephenin-3 OS=Hoplocephalus steph
    1.5e-22   73.9   4.5    1.7e-22   73.8   4.5    1.0  1  sp|D2Y489|VKT1B_CONCL      Kunitz-type serine protease inhibi
    1.6e-22   73.9   8.3    2.7e-22   73.2   8.3    1.4  1  sp|P86959|KCP1_PINMA       BPTI/Kunitz domain-containing prot
    1.7e-22   73.8   4.8    1.8e-22   73.7   4.8    1.0  1  sp|D2Y491|VKT1D_CONCL      Kunitz-type serine protease inhibi
    1.7e-22   73.8  10.6    1.9e-22   73.7  10.6    1.0  1  sp|Q0PL65|VKTH7_BUNMU      Kunitz-type serine protease inhibi
    1.8e-22   73.7   9.2    2.2e-22   73.4   9.2    1.1  1  sp|P49223|SPIT3_HUMAN      Kunitz-type protease inhibitor 3 O
    1.8e-22   73.7   8.6    3.8e-22   72.7   8.6    1.6  1  sp|Q9DA01|EPPI_MOUSE       Eppin OS=Mus musculus OX=10090 GN=
    2.4e-22   73.3   7.8    2.6e-22   73.2   7.8    1.1  1  sp|P0DJ48|VKT23_LYCMC      Kunitz-type serine protease inhibi
    2.4e-22   73.3   4.6    2.7e-22   73.1   4.6    1.0  1  sp|Q90W97|VKT5_PSETT       Kunitz-type serine protease inhibi
    2.5e-22   73.3   3.4    3.5e-22   72.8   3.4    1.2  1  sp|Q29143|ELAC_TRIVU       Early lactation protein OS=Trichos
    2.8e-22   73.1   4.7    3.4e-22   72.8   4.7    1.1  1  sp|D8KY58|VKT_BOMTE        Kunitz-type serine protease inhibi
    3.8e-22   72.7   5.5    4.1e-22   72.6   5.5    1.0  1  sp|D2Y490|VKT1C_CONCL      Kunitz-type serine protease inhibi
    4.8e-22   72.4   8.9    5.4e-22   72.2   8.9    1.1  1  sp|C8YJ96|KUN4_TABYA       Tabkunin 4 OS=Tabanus yao OX=48557
      5e-22   72.3   9.1    8.9e-22   71.5   9.1    1.4  1  sp|H2A0M2|KCP1_PINMG       BPTI/Kunitz domain-containing prot
    5.8e-22   72.1   4.5    6.9e-22   71.9   4.5    1.1  1  sp|D2Y488|VKT1A_CONCL      Kunitz-type serine protease inhibi
    6.9e-22   71.9  10.0    7.4e-22   71.8  10.0    1.0  1  sp|P19859|VKTCI_NAJNA      Kunitz-type serine protease inhibi
      1e-21   71.3   2.0    1.2e-21   71.1   2.0    1.0  1  sp|B5L5Q6|VKT5_OXYMI       Kunitz-type serine protease inhibi
    1.1e-21   71.2   7.0    1.2e-21   71.0   7.0    1.0  1  sp|P0DJ49|VKT24_MESMA      Kunitz-type serine protease inhibi
    1.2e-21   71.1  11.4    1.5e-21   70.8  11.4    1.1  1  sp|P0DN16|VKTC_ANEVI       U-actitoxin-Avd3o OS=Anemonia viri
    1.8e-21   70.5   7.4    1.9e-21   70.4   7.4    1.0  1  sp|P00983|MAMB7_DENPO      Mambaquaretin-7 OS=Dendroaspis pol
    2.2e-21   70.2   2.9    2.3e-21   70.2   2.9    1.0  1  sp|P26227|HTIB_MANSE       Hemolymph trypsin inhibitor B (Fra
    2.3e-21   70.2   2.2    2.6e-21   70.0   2.2    1.1  1  sp|P16344|VKT2A_HETCR      PI-stichotoxin-Hcr2a OS=Heteractis
    2.8e-21   69.9   5.2    3.4e-21   69.6   5.2    1.1  1  sp|G3LH89|VKT_BOMIG        Kunitz-type serine protease inhibi
    3.1e-21   69.8   2.1    3.4e-21   69.6   2.1    1.0  1  sp|Q589G4|VKT19_ANOSM      Kunitz-type serine protease inhibi
      5e-21   69.1   7.5    6.1e-21   68.8   7.5    1.1  1  sp|P0DJ77|VKT5_CYRSC       Kunitz-type kappaPI-theraphotoxin-
      5e-21   69.1   7.5    6.1e-21   68.8   7.5    1.1  1  sp|P68425|VKT1A_CYRSC      Kunitz-type kappaPI-theraphotoxin-
    6.2e-21   68.8   7.7    7.6e-21   68.5   7.7    1.1  1  sp|B2ZBB6|VKT11_CYRSC      Kunitz-type kappaPI-theraphotoxin-
    6.5e-21   68.7   4.0      8e-21   68.4   4.0    1.1  1  sp|P0CY85|VKTB1_CONBU      Kunitz-type conkunitzin-B1 OS=Conu
    8.3e-21   68.4   9.1    1.3e-20   67.8   9.1    1.3  1  sp|P0DJ66|VKT17_CYRHA      Kunitz-type serine protease inhibi
    9.1e-21   68.3   7.6    1.1e-20   68.0   7.6    1.1  1  sp|P0DJ76|VKT4_CYRSC       Kunitz-type kappaPI-theraphotoxin-
    9.6e-21   68.2  10.5    1.2e-20   67.9  10.5    1.1  1  sp|Q1RPS9|VKTH5_BUNMU      Kunitz-type serine protease inhibi
    9.6e-21   68.2  11.0    1.1e-20   68.0  11.0    1.0  1  sp|P0DJ47|VKT12_MESMA      Kunitz-type serine protease inhibi
    1.4e-20   67.7   7.7    1.5e-20   67.6   7.7    1.1  1  sp|P10832|ISC2_BOMMO       Chymotrypsin inhibitor SCI-II OS=B
    1.7e-20   67.4  11.4    1.7e-20   67.4  11.4    2.1  1  sp|H2A0N9|KCP4_PINMG       BPTI/Kunitz domain-containing prot
    2.1e-20   67.1   3.3    2.2e-20   67.0   3.3    1.1  1  sp|P11424|IMAP_DROFU       Male accessory gland serine protea
    2.5e-20   66.9   7.2    2.7e-20   66.7   7.2    1.1  1  sp|P10831|ISC1_BOMMO       Chymotrypsin inhibitor SCI-I OS=Bo
    3.1e-20   66.6   4.2    1.2e-19   64.7   4.2    2.1  1  sp|O95428|PPN_HUMAN        Papilin OS=Homo sapiens OX=9606 GN
    3.5e-20   66.4   9.7    4.2e-20   66.2   9.7    1.1  1  sp|Q1RPS8|VKTH6_BUNMU      Kunitz-type serine protease inhibi
    3.9e-20   66.3   5.6    1.5e-19   64.3   5.6    2.1  1  sp|Q9EPX2|PPN_MOUSE        Papilin OS=Mus musculus OX=10090 G
    4.3e-20   66.1   1.5    4.9e-20   65.9   1.5    1.0  1  sp|B5L5Q3|IVBS5_OXYSC      Scutellin-5 OS=Oxyuranus scutellat
      5e-20   65.9   3.0    6.6e-20   65.5   3.0    1.2  1  sp|Q8T0W4|VKT2_PIMHY       Kunitz-type serine protease inhibi
    6.2e-20   65.6   6.7    7.6e-20   65.3   6.7    1.1  1  sp|D2Y2Q9|VKTR1_CYRHA      Kunitz-type U15-theraphotoxin-Hhn1
    7.1e-20   65.4   5.3    8.6e-20   65.2   5.3    1.1  1  sp|D2Y2Q7|VKTP1_CYRHA      Kunitz-type U15-theraphotoxin-Hhn1
    7.2e-20   65.4   5.9    8.7e-20   65.1   5.9    1.1  1  sp|D2Y2Q2|VKTM1_CYRHA      Kunitz-type U15-theraphotoxin-Hhn1
    8.2e-20   65.2   5.9      1e-19   64.9   5.9    1.1  1  sp|D2Y2G1|VKTJ1_CYRHA      Kunitz-type U15-theraphotoxin-Hhn1
    8.2e-20   65.2   5.9      1e-19   64.9   5.9    1.1  1  sp|P0DJ84|VKT40_CYRSC      Kunitz-type kappaPI-theraphotoxin-
      1e-19   64.9   3.8    1.3e-19   64.6   3.8    1.1  1  sp|P0DMJ1|VKT39_CYRSC      Kunitz-type U15-theraphotoxin-Hs1g
    1.2e-19   64.7   5.7    1.4e-19   64.4   5.7    1.1  1  sp|D2Y2Q8|VKTQ1_CYRHA      Kunitz-type U15-theraphotoxin-Hhn1
    1.4e-19   64.5  12.0    1.5e-19   64.4  12.0    1.0  1  sp|P0DQR0|VKT2_PALCA       Kunitz-like toxin PcKuz2 OS=Palyth
    2.2e-19   63.9   8.5    2.6e-19   63.6   8.5    1.1  1  sp|Q75S49|VKTH4_BUNCA      Kunitz-type serine protease inhibi
    2.3e-19   63.8   8.5    2.7e-19   63.6   8.5    1.1  1  sp|Q8AY46|VKTHB_BUNCA      Kunitz-type serine protease inhibi
      3e-19   63.4   1.0    5.7e-19   62.5   1.0    1.5  1  sp|O73683|A4_TETFL         Amyloid-beta A4 protein OS=Tetraod
    3.1e-19   63.4   6.3    3.7e-19   63.1   6.3    1.1  1  sp|D2Y2Q1|VKTL1_CYRHA      Kunitz-type U15-theraphotoxin-Hhn1
    3.2e-19   63.3   0.8    3.5e-19   63.2   0.8    1.0  1  sp|P81906|ISPI2_GALME      Inducible serine protease inhibito
    3.3e-19   63.3   9.3      4e-19   63.0   9.3    1.1  1  sp|P0DJ82|VKT27_CYRSC      Kunitz-type kappaPI-theraphotoxin-
      5e-19   62.7   5.9      6e-19   62.4   5.9    1.1  1  sp|D2Y2Q5|VKTN1_CYRHA      Kunitz-type U15-theraphotoxin-Hhn1
    5.5e-19   62.6   8.5    6.6e-19   62.3   8.5    1.1  1  sp|Q9W728|VKTH3_BUNMU      Kunitz-type serine protease inhibi
    7.5e-19   62.1   2.6    9.3e-19   61.8   2.6    1.1  1  sp|B2ZBC0|VKTG9_CYRSC      Kunitz-type U15-theraphotoxin-Hs1c
    8.9e-19   61.9   6.5      1e-18   61.7   6.5    1.1  1  sp|P07481|ISC3_BOMMO       Chymotrypsin inhibitor SCI-III OS=
    9.8e-19   61.8   8.9    1.2e-18   61.5   8.9    1.1  1  sp|P00987|VKTH1_BUNMU      Kunitz-type serine protease inhibi
    1.9e-18   60.9   4.1    2.3e-18   60.6   4.1    1.1  1  sp|D2Y2Q6|VKTO1_CYRHA      Kunitz-type U15-theraphotoxin-Hhn1
    2.6e-18   60.4   5.5    2.9e-18   60.3   5.5    1.0  1  sp|B4ESA2|VKT1L_BUNMU      Kunitz-type serine protease inhibi
    2.9e-18   60.3   2.7    3.6e-18   60.0   2.7    1.1  1  sp|P0DJ79|VKT13_CYRSC      Kunitz-type U15-theraphotoxin-Hs1d
    3.3e-18   60.1   2.9    4.1e-18   59.8   2.9    1.1  1  sp|P0DJ80|VKT22_CYRSC      Kunitz-type U15-theraphotoxin-Hs1a
    3.3e-18   60.1   2.9    4.1e-18   59.8   2.9    1.1  1  sp|B2ZBB8|VKT33_CYRSC      Kunitz-type U15-theraphotoxin-Hs1a
    3.3e-18   60.1   2.9    4.1e-18   59.8   2.9    1.1  1  sp|P0DJ75|VKT2_CYRSC       Kunitz-type U15-theraphotoxin-Hs1a
    3.3e-18   60.1   2.9    4.1e-18   59.8   2.9    1.1  1  sp|P0DJ78|VKT6_CYRSC       Kunitz-type U15-theraphotoxin-Hs1a
    3.5e-18   60.0   1.6    4.3e-18   59.7   1.6    1.1  1  sp|P0DJ85|VKT45_CYRSC      Kunitz-type U15-theraphotoxin-Hs1f
    5.2e-18   59.4   4.6    7.1e-18   59.0   4.6    1.2  1  sp|Q9D263|SPIT4_MOUSE      Kunitz-type protease inhibitor 4 O
    5.2e-18   59.4   1.2    7.9e-18   58.9   1.2    1.3  1  sp|Q02388|CO7A1_HUMAN      Collagen alpha-1(VII) chain OS=Hom
    6.1e-18   59.2   3.2    7.6e-18   58.9   3.2    1.1  1  sp|D2Y2C2|VKTA1_CYRHA      Kunitz-type U15-theraphotoxin-Hhn1
    6.1e-18   59.2   3.2    7.6e-18   58.9   3.2    1.1  1  sp|P0DJ70|VKT53_CYRHA      Kunitz-type U15-theraphotoxin-Hhn1
    6.2e-18   59.2   5.4    1.1e-17   58.4   5.4    1.4  1  sp|Q2UY11|COSA1_MOUSE      Collagen alpha-1(XXVIII) chain OS=
    7.4e-18   59.0   3.2    9.2e-18   58.6   3.2    1.1  1  sp|D2Y2F8|VKTG1_CYRHA      Kunitz-type U15-theraphotoxin-Hhn1
    7.5e-18   58.9   3.0    9.3e-18   58.6   3.0    1.1  1  sp|D2Y2F4|VKTC1_CYRHA      Kunitz-type U15-theraphotoxin-Hhn1
    7.5e-18   58.9   3.0    9.3e-18   58.6   3.0    1.1  1  sp|P0DJ67|VKT34_CYRHA      Kunitz-type U15-theraphotoxin-Hhn1
    8.3e-18   58.8   4.4    1.1e-17   58.4   4.4    1.1  1  sp|P0DJ69|VKT52_CYRHA      Kunitz-type serine protease inhibi
    8.3e-18   58.8   4.4    1.1e-17   58.4   4.4    1.1  1  sp|P0DJ74|VKT76_CYRHA      Kunitz-type serine protease inhibi
    9.1e-18   58.7   4.2    1.1e-17   58.4   4.2    1.1  1  sp|D2Y2F5|VKT4_CYRHA       Kunitz-type U15-theraphotoxin-Hhn1
    9.1e-18   58.7   4.2    1.1e-17   58.4   4.2    1.1  1  sp|P0DJ71|VKT35_CYRHA      Kunitz-type U15-theraphotoxin-Hhn1
    9.4e-18   58.6   3.4    1.2e-17   58.3   3.4    1.1  1  sp|D2Y2F6|VKTE1_CYRHA      Kunitz-type U15-theraphotoxin-Hhn1
    9.4e-18   58.6   3.4    1.2e-17   58.3   3.4    1.1  1  sp|P0DJ72|VKT68_CYRHA      Kunitz-type U15-theraphotoxin-Hhn1
      1e-17   58.5   1.3    1.7e-17   57.8   1.3    1.3  1  sp|Q63870|CO7A1_MOUSE      Collagen alpha-1(VII) chain OS=Mus
    1.3e-17   58.1   4.0    1.7e-17   57.8   4.0    1.1  1  sp|B2ZBB9|VKTG6_CYRSC      Kunitz-type U15-theraphotoxin-Hs1b
    2.8e-17   57.1   6.1    5.3e-17   56.2   6.1    1.4  1  sp|Q2UY09|COSA1_HUMAN      Collagen alpha-1(XXVIII) chain OS=
    3.1e-17   57.0   3.0    3.8e-17   56.7   3.0    1.1  1  sp|D2Y2F3|VKT2_CYRHA       Kunitz-type U15-theraphotoxin-Hhn1
    3.1e-17   57.0   3.0    3.8e-17   56.7   3.0    1.1  1  sp|P0DJ64|VKT31_CYRHA      U15-Kunitz-type theraphotoxin-Hhn1
    4.4e-17   56.5   4.5    5.9e-17   56.1   4.5    1.1  1  sp|D2Y2F7|VKTF1_CYRHA      Kunitz-type U15-theraphotoxin-Hhn1
    4.4e-17   56.5   4.5    5.9e-17   56.1   4.5    1.1  1  sp|P0DJ73|VKT74_CYRHA      Kunitz-type U15-theraphotoxin-Hhn1
    6.9e-17   55.8   3.5    8.5e-17   55.5   3.5    1.1  1  sp|D2Y2F9|VKTH1_CYRHA      Kunitz-type U15-theraphotoxin-Hhn1
    6.9e-17   55.8   3.5    8.5e-17   55.5   3.5    1.1  1  sp|P0DJ65|VKT7_CYRHA       Kunitz-type U15-theraphotoxin-Hhn1
    8.9e-17   55.5   4.8    1.3e-16   54.9   4.8    1.2  1  sp|Q6UDR6|SPIT4_HUMAN      Kunitz-type protease inhibitor 4 O
    2.3e-16   54.1   2.0    2.4e-16   54.1   2.0    1.0  1  sp|P0DMW9|VKT34_ACTEQ      Kunitz-type proteinase inhibitor A
    6.3e-16   52.8   1.5    7.8e-16   52.5   1.5    1.1  1  sp|P0DJ81|VKT24_CYRSC      Kunitz-type U15-theraphotoxin-Hs1e
    9.9e-16   52.1   4.1    1.2e-15   51.8   4.1    1.1  1  sp|D2Y2G2|VKTK1_CYRHA      Kunitz-type U15-theraphotoxin-Hhn1
    9.9e-16   52.1   4.1    1.2e-15   51.8   4.1    1.1  1  sp|P0DJ68|VKT45_CYRHA      Kunitz-type U15-theraphotoxin-Hhn1
    1.2e-15   51.9   3.2    1.2e-15   51.8   3.2    1.0  1  sp|P0DMW8|VKT33_ACTEQ      Kunitz-type proteinase inhibitor A
    1.4e-15   51.6   3.4    1.8e-15   51.3   3.4    1.1  1  sp|D2Y2G0|VKTI1_CYRHA      Kunitz-type U15-theraphotoxin-Hhn1
    1.1e-14   48.8   2.7    1.4e-14   48.5   2.7    1.2  1  sp|C0LNR2|VKT_VESBI        Kunitz-type serine protease inhibi
    1.5e-14   48.4  11.8    4.5e-14   46.8   8.8    2.5  2  sp|I6VXS1|KUN2_RHIHE       Anticoagulant protein rhipilin-2 O
    1.9e-14   48.0   7.2    6.1e-14   46.4   7.2    2.0  1  sp|M9PE65|AXO_DROME        Axotactin OS=Drosophila melanogast
    3.8e-14   47.1   8.5    3.8e-14   47.1   8.5    2.2  1  sp|Q8IUA0|WFDC8_HUMAN      WAP four-disulfide core domain pro
    4.3e-13   43.7   3.9    9.9e-13   42.5   3.4    2.0  1  sp|Q7Z1K3|ANIS1_ANISI      Major allergen Ani s 1 OS=Anisakis
    5.9e-13   43.3   6.4    7.3e-13   42.9   6.4    1.1  1  sp|Q2ES49|VKT2_DABRR       Kunitz-type serine protease inhibi
      7e-13   43.0  13.4    3.5e-11   37.6   3.8    3.1  2  sp|Q09JW6|KUNI_ARGMO       Monobin OS=Argas monolakensis OX=3
    4.3e-12   40.5   1.0    4.4e-12   40.5   1.0    1.0  1  sp|P0CAR0|VKTG1_MICPY      Kunitz-type serine protease inhibi
    8.2e-12   39.6   2.7    1.2e-11   39.1   2.7    1.3  1  sp|P26226|HTIA_MANSE       Hemolymph trypsin inhibitor A (Fra
    1.9e-11   38.4   2.2    4.6e-11   37.2   2.2    1.6  1  sp|Q9BQY6|WFDC6_HUMAN      WAP four-disulfide core domain pro
      2e-11   38.3   3.9    3.6e-11   37.5   3.9    1.4  1  sp|D9IFL3|KUN1_RHIHE       Anticoagulant protein rhipilin-1 O
      3e-11   37.8   0.9    3.4e-11   37.6   0.9    1.1  1  sp|P0CH75|VKT25_CYRHA      Kunitz-type serine protease inhibi
    1.8e-07   25.7   6.0    4.4e-07   24.4   6.0    1.7  1  sp|Q11101|YL15_CAEEL       BPTI/Kunitz inhibitor domain-conta
    2.1e-07   25.5  12.9    1.4e-06   22.9   9.4    3.5  2  sp|P86963|KCP2_PINMA       BPTI/Kunitz domain-containing prot
    0.00015   16.3   0.4    0.00045   14.8   0.4    1.9  1  sp|O62247|BLI5_CAEEL       Kunitz-type protein bli-5 OS=Caeno
  ------ inclusion threshold ------
